The system is: CYGWIN - 2.10.0(0.325/5/3) - x86_64
Compiling the C compiler identification source file "CMakeCCompilerId.c" succeeded.
Compiler: /usr/bin/cc 
Build flags: 
Id flags:  

The output was:
0


Compilation of the C compiler identification source "CMakeCCompilerId.c" produced "a.exe"

The C compiler identification is GNU, found in "/cygdrive/c/Users/Danny/CLionProjects/H2/cmake-build-debug/CMakeFiles/3.9.6/CompilerIdC/a.exe"

Compiling the CXX compiler identification source file "CMakeCXXCompilerId.cpp" succeeded.
Compiler: /usr/bin/c++.exe 
Build flags: 
Id flags:  

The output was:
0


Compilation of the CXX compiler identification source "CMakeCXXCompilerId.cpp" produced "a.exe"

The CXX compiler identification is GNU, found in "/cygdrive/c/Users/Danny/CLionProjects/H2/cmake-build-debug/CMakeFiles/3.9.6/CompilerIdCXX/a.exe"

Determining if the C compiler works passed with the following output:
Change Dir: /cygdrive/c/Users/Danny/CLionProjects/H2/cmake-build-debug/CMakeFiles/CMakeTmp

Run Build Command:"/usr/bin/make.exe" "cmTC_ea346/fast"
/usr/bin/make -f CMakeFiles/cmTC_ea346.dir/build.make CMakeFiles/cmTC_ea346.dir/build
make[1]: Entering directory '/cygdrive/c/Users/Danny/CLionProjects/H2/cmake-build-debug/CMakeFiles/CMakeTmp'
Building C object CMakeFiles/cmTC_ea346.dir/testCCompiler.c.o
/usr/bin/cc    -o CMakeFiles/cmTC_ea346.dir/testCCompiler.c.o   -c /cygdrive/c/Users/Danny/CLionProjects/H2/cmake-build-debug/CMakeFiles/CMakeTmp/testCCompiler.c
Linking C executable cmTC_ea346.exe
/cygdrive/c/Users/Danny/.CLion2017.3/system/cygwin_cmake/bin/cmake.exe -E cmake_link_script CMakeFiles/cmTC_ea346.dir/link.txt --verbose=1
/usr/bin/cc    -Wl,--enable-auto-import  CMakeFiles/cmTC_ea346.dir/testCCompiler.c.o  -o cmTC_ea346.exe -Wl,--out-implib,libcmTC_ea346.dll.a -Wl,--major-image-version,0,--minor-image-version,0 
make[1]: Leaving directory '/cygdrive/c/Users/Danny/CLionProjects/H2/cmake-build-debug/CMakeFiles/CMakeTmp'


